Analysis & Synthesis report for GPU
Wed Nov 29 11:23:44 2017
Quartus II 32-bit Version 13.0.1 Build 232 06/12/2013 Service Pack 1 SJ Full Version


---------------------
; Table of Contents ;
---------------------
  1. Legal Notice
  2. Analysis & Synthesis Summary
  3. Analysis & Synthesis Settings
  4. Parallel Compilation
  5. Analysis & Synthesis Source Files Read
  6. Analysis & Synthesis Resource Usage Summary
  7. Analysis & Synthesis Resource Utilization by Entity
  8. State Machine - |GPU|lab5:inst4|yfsm
  9. Registers Removed During Synthesis
 10. General Register Statistics
 11. Multiplexer Restructuring Statistics (Restructuring Performed)
 12. Elapsed Time Per Partition
 13. Analysis & Synthesis Messages



----------------
; Legal Notice ;
----------------
Copyright (C) 1991-2013 Altera Corporation
Your use of Altera Corporation's design tools, logic functions 
and other software and tools, and its AMPP partner logic 
functions, and any output files from any of the foregoing 
(including device programming or simulation files), and any 
associated documentation or information are expressly subject 
to the terms and conditions of the Altera Program License 
Subscription Agreement, Altera MegaCore Function License 
Agreement, or other applicable license agreement, including, 
without limitation, that your use is for the sole purpose of 
programming logic devices manufactured by Altera and sold by 
Altera or its authorized distributors.  Please refer to the 
applicable agreement for further details.



+---------------------------------------------------------------------------------------+
; Analysis & Synthesis Summary                                                          ;
+------------------------------------+--------------------------------------------------+
; Analysis & Synthesis Status        ; Successful - Wed Nov 29 11:23:43 2017            ;
; Quartus II 32-bit Version          ; 13.0.1 Build 232 06/12/2013 SP 1 SJ Full Version ;
; Revision Name                      ; GPU                                              ;
; Top-level Entity Name              ; GPU                                              ;
; Family                             ; Cyclone II                                       ;
; Total logic elements               ; 177                                              ;
;     Total combinational functions  ; 146                                              ;
;     Dedicated logic registers      ; 41                                               ;
; Total registers                    ; 41                                               ;
; Total pins                         ; 104                                              ;
; Total virtual pins                 ; 0                                                ;
; Total memory bits                  ; 0                                                ;
; Embedded Multiplier 9-bit elements ; 0                                                ;
; Total PLLs                         ; 0                                                ;
+------------------------------------+--------------------------------------------------+


+----------------------------------------------------------------------------------------------------------------------+
; Analysis & Synthesis Settings                                                                                        ;
+----------------------------------------------------------------------------+--------------------+--------------------+
; Option                                                                     ; Setting            ; Default Value      ;
+----------------------------------------------------------------------------+--------------------+--------------------+
; Device                                                                     ; EP2C35F672C6       ;                    ;
; Top-level entity name                                                      ; GPU                ; GPU                ;
; Family name                                                                ; Cyclone II         ; Cyclone IV GX      ;
; Use smart compilation                                                      ; Off                ; Off                ;
; Enable parallel Assembler and TimeQuest Timing Analyzer during compilation ; On                 ; On                 ;
; Enable compact report table                                                ; Off                ; Off                ;
; Restructure Multiplexers                                                   ; Auto               ; Auto               ;
; Create Debugging Nodes for IP Cores                                        ; Off                ; Off                ;
; Preserve fewer node names                                                  ; On                 ; On                 ;
; Disable OpenCore Plus hardware evaluation                                  ; Off                ; Off                ;
; Verilog Version                                                            ; Verilog_2001       ; Verilog_2001       ;
; VHDL Version                                                               ; VHDL_1993          ; VHDL_1993          ;
; State Machine Processing                                                   ; Auto               ; Auto               ;
; Safe State Machine                                                         ; Off                ; Off                ;
; Extract Verilog State Machines                                             ; On                 ; On                 ;
; Extract VHDL State Machines                                                ; On                 ; On                 ;
; Ignore Verilog initial constructs                                          ; Off                ; Off                ;
; Iteration limit for constant Verilog loops                                 ; 5000               ; 5000               ;
; Iteration limit for non-constant Verilog loops                             ; 250                ; 250                ;
; Add Pass-Through Logic to Inferred RAMs                                    ; On                 ; On                 ;
; Infer RAMs from Raw Logic                                                  ; On                 ; On                 ;
; Parallel Synthesis                                                         ; On                 ; On                 ;
; DSP Block Balancing                                                        ; Auto               ; Auto               ;
; NOT Gate Push-Back                                                         ; On                 ; On                 ;
; Power-Up Don't Care                                                        ; On                 ; On                 ;
; Remove Redundant Logic Cells                                               ; Off                ; Off                ;
; Remove Duplicate Registers                                                 ; On                 ; On                 ;
; Ignore CARRY Buffers                                                       ; Off                ; Off                ;
; Ignore CASCADE Buffers                                                     ; Off                ; Off                ;
; Ignore GLOBAL Buffers                                                      ; Off                ; Off                ;
; Ignore ROW GLOBAL Buffers                                                  ; Off                ; Off                ;
; Ignore LCELL Buffers                                                       ; Off                ; Off                ;
; Ignore SOFT Buffers                                                        ; On                 ; On                 ;
; Limit AHDL Integers to 32 Bits                                             ; Off                ; Off                ;
; Optimization Technique                                                     ; Balanced           ; Balanced           ;
; Carry Chain Length                                                         ; 70                 ; 70                 ;
; Auto Carry Chains                                                          ; On                 ; On                 ;
; Auto Open-Drain Pins                                                       ; On                 ; On                 ;
; Perform WYSIWYG Primitive Resynthesis                                      ; Off                ; Off                ;
; Auto ROM Replacement                                                       ; On                 ; On                 ;
; Auto RAM Replacement                                                       ; On                 ; On                 ;
; Auto Shift Register Replacement                                            ; Auto               ; Auto               ;
; Allow Shift Register Merging across Hierarchies                            ; Auto               ; Auto               ;
; Auto Clock Enable Replacement                                              ; On                 ; On                 ;
; Strict RAM Replacement                                                     ; Off                ; Off                ;
; Allow Synchronous Control Signals                                          ; On                 ; On                 ;
; Force Use of Synchronous Clear Signals                                     ; Off                ; Off                ;
; Auto RAM to Logic Cell Conversion                                          ; Off                ; Off                ;
; Auto Resource Sharing                                                      ; Off                ; Off                ;
; Allow Any RAM Size For Recognition                                         ; Off                ; Off                ;
; Allow Any ROM Size For Recognition                                         ; Off                ; Off                ;
; Allow Any Shift Register Size For Recognition                              ; Off                ; Off                ;
; Use LogicLock Constraints during Resource Balancing                        ; On                 ; On                 ;
; Ignore translate_off and synthesis_off directives                          ; Off                ; Off                ;
; Timing-Driven Synthesis                                                    ; Off                ; Off                ;
; Report Parameter Settings                                                  ; On                 ; On                 ;
; Report Source Assignments                                                  ; On                 ; On                 ;
; Report Connectivity Checks                                                 ; On                 ; On                 ;
; Ignore Maximum Fan-Out Assignments                                         ; Off                ; Off                ;
; Synchronization Register Chain Length                                      ; 2                  ; 2                  ;
; PowerPlay Power Optimization                                               ; Normal compilation ; Normal compilation ;
; HDL message level                                                          ; Level2             ; Level2             ;
; Suppress Register Optimization Related Messages                            ; Off                ; Off                ;
; Number of Removed Registers Reported in Synthesis Report                   ; 5000               ; 5000               ;
; Number of Swept Nodes Reported in Synthesis Report                         ; 5000               ; 5000               ;
; Number of Inverted Registers Reported in Synthesis Report                  ; 100                ; 100                ;
; Clock MUX Protection                                                       ; On                 ; On                 ;
; Auto Gated Clock Conversion                                                ; Off                ; Off                ;
; Block Design Naming                                                        ; Auto               ; Auto               ;
; SDC constraint protection                                                  ; Off                ; Off                ;
; Synthesis Effort                                                           ; Auto               ; Auto               ;
; Shift Register Replacement - Allow Asynchronous Clear Signal               ; On                 ; On                 ;
; Pre-Mapping Resynthesis Optimization                                       ; Off                ; Off                ;
; Analysis & Synthesis Message Level                                         ; Medium             ; Medium             ;
; Disable Register Merging Across Hierarchies                                ; Auto               ; Auto               ;
; Resource Aware Inference For Block RAM                                     ; On                 ; On                 ;
; Synthesis Seed                                                             ; 1                  ; 1                  ;
+----------------------------------------------------------------------------+--------------------+--------------------+


+------------------------------------------+
; Parallel Compilation                     ;
+----------------------------+-------------+
; Processors                 ; Number      ;
+----------------------------+-------------+
; Number detected on machine ; 8           ;
; Maximum allowed            ; 4           ;
;                            ;             ;
; Average used               ; 1.00        ;
; Maximum used               ; 1           ;
;                            ;             ;
; Usage by Processor         ; % Time Used ;
;     Processor 1            ; 100.0%      ;
;     Processors 2-8         ;   0.0%      ;
+----------------------------+-------------+


+----------------------------------------------------------------------------------------------------------------------------------------------------------------------------------------+
; Analysis & Synthesis Source Files Read                                                                                                                                                 ;
+---------------------------------------------------+-----------------+------------------------------------+-------------------------------------------------------------------+---------+
; File Name with User-Entered Path                  ; Used in Netlist ; File Type                          ; File Name with Absolute Path                                      ; Library ;
+---------------------------------------------------+-----------------+------------------------------------+-------------------------------------------------------------------+---------+
; ../../coe328/lab5/lab5.vhd                        ; yes             ; User VHDL File                     ; /home/student1/a5dave/coe328/lab5/lab5.vhd                        ;         ;
; ../../coe328/lab3/sseg.vhd                        ; yes             ; User VHDL File                     ; /home/student1/a5dave/coe328/lab3/sseg.vhd                        ;         ;
; ../../coe328/lab4/decode/decode.vhd               ; yes             ; User VHDL File                     ; /home/student1/a5dave/coe328/lab4/decode/decode.vhd               ;         ;
; ../../coe328/lab4/decodModified/decodModified.bdf ; yes             ; User Block Diagram/Schematic File  ; /home/student1/a5dave/coe328/lab4/decodModified/decodModified.bdf ;         ;
; ../modifiedDecoder/Precombiner.vhd                ; yes             ; User VHDL File                     ; /home/student1/a5dave/lab6/modifiedDecoder/Precombiner.vhd        ;         ;
; ../modifiedDecoder/Postcombiner.vhd               ; yes             ; User VHDL File                     ; /home/student1/a5dave/lab6/modifiedDecoder/Postcombiner.vhd       ;         ;
; ../ALU/ALUproject.vhd                             ; yes             ; User VHDL File                     ; /home/student1/a5dave/lab6/ALU/ALUproject.vhd                     ;         ;
; ../latch2.vhd                                     ; yes             ; User VHDL File                     ; /home/student1/a5dave/lab6/latch2.vhd                             ;         ;
; ../latch1/latch1.vhd                              ; yes             ; User VHDL File                     ; /home/student1/a5dave/lab6/latch1/latch1.vhd                      ;         ;
; GPU.bdf                                           ; yes             ; User Block Diagram/Schematic File  ; /home/student1/a5dave/lab6/GPU/GPU.bdf                            ;         ;
; 4to16Decoder.bdf                                  ; yes             ; User Block Diagram/Schematic File  ; /home/student1/a5dave/lab6/GPU/4to16Decoder.bdf                   ;         ;
+---------------------------------------------------+-----------------+------------------------------------+-------------------------------------------------------------------+---------+


+-----------------------------------------------------+
; Analysis & Synthesis Resource Usage Summary         ;
+---------------------------------------------+-------+
; Resource                                    ; Usage ;
+---------------------------------------------+-------+
; Estimated Total logic elements              ; 177   ;
;                                             ;       ;
; Total combinational functions               ; 146   ;
; Logic element usage by number of LUT inputs ;       ;
;     -- 4 input functions                    ; 80    ;
;     -- 3 input functions                    ; 34    ;
;     -- <=2 input functions                  ; 32    ;
;                                             ;       ;
; Logic elements by mode                      ;       ;
;     -- normal mode                          ; 121   ;
;     -- arithmetic mode                      ; 25    ;
;                                             ;       ;
; Total registers                             ; 41    ;
;     -- Dedicated logic registers            ; 41    ;
;     -- I/O registers                        ; 0     ;
;                                             ;       ;
; I/O pins                                    ; 104   ;
; Embedded Multiplier 9-bit elements          ; 0     ;
; Maximum fan-out node                        ; clock ;
; Maximum fan-out                             ; 41    ;
; Total fan-out                               ; 669   ;
; Average fan-out                             ; 2.30  ;
+---------------------------------------------+-------+


+------------------------------------------------------------------------------------------------------------------------------------------------------------------------------------------------------------------+
; Analysis & Synthesis Resource Utilization by Entity                                                                                                                                                              ;
+----------------------------+-------------------+--------------+-------------+--------------+---------+-----------+------+--------------+----------------------------------------------------------+--------------+
; Compilation Hierarchy Node ; LC Combinationals ; LC Registers ; Memory Bits ; DSP Elements ; DSP 9x9 ; DSP 18x18 ; Pins ; Virtual Pins ; Full Hierarchy Name                                      ; Library Name ;
+----------------------------+-------------------+--------------+-------------+--------------+---------+-----------+------+--------------+----------------------------------------------------------+--------------+
; |GPU                       ; 146 (0)           ; 41 (0)       ; 0           ; 0            ; 0       ; 0         ; 104  ; 0            ; |GPU                                                     ; work         ;
;    |4to16Decoder:inst20|   ; 10 (1)            ; 0 (0)        ; 0           ; 0            ; 0       ; 0         ; 0    ; 0            ; |GPU|4to16Decoder:inst20                                 ; work         ;
;       |decodModified:inst| ; 9 (0)             ; 0 (0)        ; 0           ; 0            ; 0       ; 0         ; 0    ; 0            ; |GPU|4to16Decoder:inst20|decodModified:inst              ; work         ;
;          |decode:inst1|    ; 5 (5)             ; 0 (0)        ; 0           ; 0            ; 0       ; 0         ; 0    ; 0            ; |GPU|4to16Decoder:inst20|decodModified:inst|decode:inst1 ; work         ;
;          |decode:inst|     ; 4 (4)             ; 0 (0)        ; 0           ; 0            ; 0       ; 0         ; 0    ; 0            ; |GPU|4to16Decoder:inst20|decodModified:inst|decode:inst  ; work         ;
;    |ALUproject:inst3|      ; 104 (104)         ; 16 (16)      ; 0           ; 0            ; 0       ; 0         ; 0    ; 0            ; |GPU|ALUproject:inst3                                    ; work         ;
;    |lab5:inst4|            ; 9 (9)             ; 9 (9)        ; 0           ; 0            ; 0       ; 0         ; 0    ; 0            ; |GPU|lab5:inst4                                          ; work         ;
;    |latch1:inst|           ; 0 (0)             ; 8 (8)        ; 0           ; 0            ; 0       ; 0         ; 0    ; 0            ; |GPU|latch1:inst                                         ; work         ;
;    |latch2:inst1|          ; 0 (0)             ; 8 (8)        ; 0           ; 0            ; 0       ; 0         ; 0    ; 0            ; |GPU|latch2:inst1                                        ; work         ;
;    |sseg:inst5|            ; 7 (7)             ; 0 (0)        ; 0           ; 0            ; 0       ; 0         ; 0    ; 0            ; |GPU|sseg:inst5                                          ; work         ;
;    |sseg:inst6|            ; 7 (7)             ; 0 (0)        ; 0           ; 0            ; 0       ; 0         ; 0    ; 0            ; |GPU|sseg:inst6                                          ; work         ;
;    |sseg:inst7|            ; 9 (9)             ; 0 (0)        ; 0           ; 0            ; 0       ; 0         ; 0    ; 0            ; |GPU|sseg:inst7                                          ; work         ;
+----------------------------+-------------------+--------------+-------------+--------------+---------+-----------+------+--------------+----------------------------------------------------------+--------------+
Note: For table entries with two numbers listed, the numbers in parentheses indicate the number of resources of the given type used by the specific entity alone. The numbers listed outside of parentheses indicate the total resources of the given type used by the specific entity and all of its sub-entities in the hierarchy.


Encoding Type:  One-Hot
+---------------------------------------------------------------------------------------------------+
; State Machine - |GPU|lab5:inst4|yfsm                                                              ;
+---------+---------+---------+---------+---------+---------+---------+---------+---------+---------+
; Name    ; yfsm.s8 ; yfsm.s7 ; yfsm.s6 ; yfsm.s5 ; yfsm.s4 ; yfsm.s3 ; yfsm.s2 ; yfsm.s1 ; yfsm.s0 ;
+---------+---------+---------+---------+---------+---------+---------+---------+---------+---------+
; yfsm.s0 ; 0       ; 0       ; 0       ; 0       ; 0       ; 0       ; 0       ; 0       ; 0       ;
; yfsm.s1 ; 0       ; 0       ; 0       ; 0       ; 0       ; 0       ; 0       ; 1       ; 1       ;
; yfsm.s2 ; 0       ; 0       ; 0       ; 0       ; 0       ; 0       ; 1       ; 0       ; 1       ;
; yfsm.s3 ; 0       ; 0       ; 0       ; 0       ; 0       ; 1       ; 0       ; 0       ; 1       ;
; yfsm.s4 ; 0       ; 0       ; 0       ; 0       ; 1       ; 0       ; 0       ; 0       ; 1       ;
; yfsm.s5 ; 0       ; 0       ; 0       ; 1       ; 0       ; 0       ; 0       ; 0       ; 1       ;
; yfsm.s6 ; 0       ; 0       ; 1       ; 0       ; 0       ; 0       ; 0       ; 0       ; 1       ;
; yfsm.s7 ; 0       ; 1       ; 0       ; 0       ; 0       ; 0       ; 0       ; 0       ; 1       ;
; yfsm.s8 ; 1       ; 0       ; 0       ; 0       ; 0       ; 0       ; 0       ; 0       ; 1       ;
+---------+---------+---------+---------+---------+---------+---------+---------+---------+---------+


+--------------------------------------------------------------------------------+
; Registers Removed During Synthesis                                             ;
+---------------------------------------+----------------------------------------+
; Register name                         ; Reason for Removal                     ;
+---------------------------------------+----------------------------------------+
; ALUproject:inst3|Neg                  ; Stuck at GND due to stuck port data_in ;
; Total Number of Removed Registers = 1 ;                                        ;
+---------------------------------------+----------------------------------------+


+------------------------------------------------------+
; General Register Statistics                          ;
+----------------------------------------------+-------+
; Statistic                                    ; Value ;
+----------------------------------------------+-------+
; Total registers                              ; 41    ;
; Number of registers using Synchronous Clear  ; 0     ;
; Number of registers using Synchronous Load   ; 2     ;
; Number of registers using Asynchronous Clear ; 25    ;
; Number of registers using Asynchronous Load  ; 0     ;
; Number of registers using Clock Enable       ; 25    ;
; Number of registers using Preset             ; 0     ;
+----------------------------------------------+-------+


+-----------------------------------------------------------------------------------------------------------------------------------------------+
; Multiplexer Restructuring Statistics (Restructuring Performed)                                                                                ;
+--------------------+-----------+---------------+----------------------+------------------------+------------+---------------------------------+
; Multiplexer Inputs ; Bus Width ; Baseline Area ; Area if Restructured ; Saving if Restructured ; Registered ; Example Multiplexer Output      ;
+--------------------+-----------+---------------+----------------------+------------------------+------------+---------------------------------+
; 65:1               ; 2 bits    ; 86 LEs        ; 12 LEs               ; 74 LEs                 ; Yes        ; |GPU|ALUproject:inst3|Result[3] ;
+--------------------+-----------+---------------+----------------------+------------------------+------------+---------------------------------+


+-------------------------------+
; Elapsed Time Per Partition    ;
+----------------+--------------+
; Partition Name ; Elapsed Time ;
+----------------+--------------+
; Top            ; 00:00:00     ;
+----------------+--------------+


+-------------------------------+
; Analysis & Synthesis Messages ;
+-------------------------------+
Info: *******************************************************************
Info: Running Quartus II 32-bit Analysis & Synthesis
    Info: Version 13.0.1 Build 232 06/12/2013 Service Pack 1 SJ Full Version
    Info: Processing started: Wed Nov 29 11:23:39 2017
Info: Command: quartus_map --read_settings_files=on --write_settings_files=off GPU -c GPU
Info (11104): Parallel Compilation has detected 8 hyper-threaded processors. However, the extra hyper-threaded processors will not be used by default. Parallel Compilation will use 4 of the 4 physical processors detected instead.
Info (12021): Found 2 design units, including 1 entities, in source file /home/student1/a5dave/coe328/lab5/lab5.vhd
    Info (12022): Found design unit 1: lab5-fsm
    Info (12023): Found entity 1: lab5
Info (12021): Found 2 design units, including 1 entities, in source file /home/student1/a5dave/coe328/lab3/sseg.vhd
    Info (12022): Found design unit 1: sseg-Behavior
    Info (12023): Found entity 1: sseg
Info (12021): Found 2 design units, including 1 entities, in source file /home/student1/a5dave/coe328/lab4/decode/decode.vhd
    Info (12022): Found design unit 1: decode-Behaviour
    Info (12023): Found entity 1: decode
Info (12021): Found 1 design units, including 1 entities, in source file /home/student1/a5dave/coe328/lab4/decodModified/decodModified.bdf
    Info (12023): Found entity 1: decodModified
Info (12021): Found 2 design units, including 1 entities, in source file /home/student1/a5dave/lab6/modifiedDecoder/Precombiner.vhd
    Info (12022): Found design unit 1: Precombiner-Behaviour
    Info (12023): Found entity 1: Precombiner
Info (12021): Found 2 design units, including 1 entities, in source file /home/student1/a5dave/lab6/modifiedDecoder/Postcombiner.vhd
    Info (12022): Found design unit 1: Postcombiner-Behaviour
    Info (12023): Found entity 1: Postcombiner
Info (12021): Found 1 design units, including 1 entities, in source file /home/student1/a5dave/lab6/modifiedDecoder/Decoder1.bdf
    Info (12023): Found entity 1: Decoder1
Info (12021): Found 2 design units, including 1 entities, in source file /home/student1/a5dave/lab6/ALU/ALUproject.vhd
    Info (12022): Found design unit 1: ALUproject-calculation
    Info (12023): Found entity 1: ALUproject
Info (12021): Found 2 design units, including 1 entities, in source file /home/student1/a5dave/lab6/latch2.vhd
    Info (12022): Found design unit 1: latch2-Behaviour
    Info (12023): Found entity 1: latch2
Info (12021): Found 2 design units, including 1 entities, in source file /home/student1/a5dave/lab6/latch1/latch1.vhd
    Info (12022): Found design unit 1: latch1-Behaviour
    Info (12023): Found entity 1: latch1
Info (12021): Found 1 design units, including 1 entities, in source file GPU.bdf
    Info (12023): Found entity 1: GPU
Info (12021): Found 1 design units, including 1 entities, in source file 4to16Decoder.bdf
    Info (12023): Found entity 1: 4to16Decoder
Info (12127): Elaborating entity "GPU" for the top level hierarchy
Warning (275008): Primitive "GND" of instance "inst8" not used
Warning (275008): Primitive "GND" of instance "inst9" not used
Info (12128): Elaborating entity "sseg" for hierarchy "sseg:inst5"
Warning (10492): VHDL Process Statement warning at sseg.vhd(17): signal "neg" is read inside the Process Statement but isn't in the Process Statement's sensitivity list
Info (12128): Elaborating entity "ALUproject" for hierarchy "ALUproject:inst3"
Warning (10541): VHDL Signal Declaration warning at ALUproject.vhd(15): used implicit default value for signal "OP_out" because signal was never assigned a value or an explicit default value. Use of implicit default value may introduce unintended design optimizations.
Warning (10036): Verilog HDL or VHDL warning at ALUproject.vhd(19): object "Reg5" assigned a value but never read
Info (12128): Elaborating entity "latch1" for hierarchy "latch1:inst"
Info (12128): Elaborating entity "latch2" for hierarchy "latch2:inst1"
Info (12128): Elaborating entity "4to16Decoder" for hierarchy "4to16Decoder:inst20"
Info (12128): Elaborating entity "Postcombiner" for hierarchy "4to16Decoder:inst20|Postcombiner:inst5"
Info (12128): Elaborating entity "decodModified" for hierarchy "4to16Decoder:inst20|decodModified:inst"
Info (12128): Elaborating entity "decode" for hierarchy "4to16Decoder:inst20|decodModified:inst|decode:inst"
Info (12128): Elaborating entity "Precombiner" for hierarchy "4to16Decoder:inst20|Precombiner:inst6"
Info (12128): Elaborating entity "lab5" for hierarchy "lab5:inst4"
Warning (13024): Output pins are stuck at VCC or GND
    Warning (13410): Pin "OP_out[0]" is stuck at GND
    Warning (13410): Pin "OP_out[1]" is stuck at GND
    Warning (13410): Pin "OP_out[2]" is stuck at GND
    Warning (13410): Pin "OP_out[3]" is stuck at GND
    Warning (13410): Pin "OP_out[4]" is stuck at GND
    Warning (13410): Pin "OP_out[5]" is stuck at GND
    Warning (13410): Pin "OP_out[6]" is stuck at GND
    Warning (13410): Pin "OP_out[7]" is stuck at GND
    Warning (13410): Pin "OP_out[8]" is stuck at GND
    Warning (13410): Pin "OP_out[9]" is stuck at GND
    Warning (13410): Pin "OP_out[10]" is stuck at GND
    Warning (13410): Pin "OP_out[11]" is stuck at GND
    Warning (13410): Pin "OP_out[12]" is stuck at GND
    Warning (13410): Pin "OP_out[13]" is stuck at GND
    Warning (13410): Pin "OP_out[14]" is stuck at GND
    Warning (13410): Pin "OP_out[15]" is stuck at GND
    Warning (13410): Pin "sign[1]" is stuck at VCC
    Warning (13410): Pin "sign[2]" is stuck at VCC
    Warning (13410): Pin "sign[3]" is stuck at VCC
    Warning (13410): Pin "sign[4]" is stuck at VCC
    Warning (13410): Pin "sign[5]" is stuck at VCC
    Warning (13410): Pin "sign[6]" is stuck at VCC
    Warning (13410): Pin "sign[7]" is stuck at VCC
    Warning (13410): Pin "student_id[3]" is stuck at GND
    Warning (13410): Pin "Y[15]" is stuck at GND
    Warning (13410): Pin "Y[14]" is stuck at GND
    Warning (13410): Pin "Y[13]" is stuck at GND
    Warning (13410): Pin "Y[12]" is stuck at GND
    Warning (13410): Pin "Y[11]" is stuck at GND
    Warning (13410): Pin "Y[10]" is stuck at GND
    Warning (13410): Pin "Y[9]" is stuck at GND
Info (16010): Generating hard_block partition "hard_block:auto_generated_inst"
    Info (16011): Adding 0 node(s), including 0 DDIO, 0 PLL, 0 transceiver and 0 LCELL
Info (21057): Implemented 281 device resources after synthesis - the final resource count might be different
    Info (21058): Implemented 20 input pins
    Info (21059): Implemented 84 output pins
    Info (21061): Implemented 177 logic cells
Info: Quartus II 32-bit Analysis & Synthesis was successful. 0 errors, 37 warnings
    Info: Peak virtual memory: 361 megabytes
    Info: Processing ended: Wed Nov 29 11:23:44 2017
    Info: Elapsed time: 00:00:05
    Info: Total CPU time (on all processors): 00:00:02


